<?xml version="1.0" encoding="UTF-8"?>
<robot generator="Robot 5.0 (Python 3.10.3 on win32)" generated="20220424 09:42:03.096" rpa="false" schemaversion="3">
<suite id="s1" name="Variables" source="c:\Users\pedro.dias\Desktop\Cursos\RobotFramework_Basic\variables">
<suite id="s1-s1" name="Variaveis" source="c:\Users\pedro.dias\Desktop\Cursos\RobotFramework_Basic\variables\variaveis.robot">
<test id="s1-s1-t1" name="Imprimir numeros certos" line="13">
<kw name="Teste Numeros">
<kw name="Log To Console" library="BuiltIn">
<arg>${\n}</arg>
<doc>Logs the given message to the console.</doc>
<status status="PASS" starttime="20220424 09:42:03.125" endtime="20220424 09:42:03.125"/>
</kw>
<for flavor="IN">
<var>${numero}</var>
<value>@{NUMEROS}</value>
<iter>
<var name="${numero}">1</var>
<if>
<branch type="IF" condition="${numero} in (5, 10)">
<kw name="Log To Console" library="BuiltIn">
<arg>Eu sou o número ${numero}!</arg>
<doc>Logs the given message to the console.</doc>
<status status="NOT RUN" starttime="20220424 09:42:03.125" endtime="20220424 09:42:03.125"/>
</kw>
<status status="NOT RUN" starttime="20220424 09:42:03.125" endtime="20220424 09:42:03.125"/>
</branch>
<branch type="ELSE">
<kw name="Log To Console" library="BuiltIn">
<arg>Eu não sou o número 5 e nem o 10!</arg>
<doc>Logs the given message to the console.</doc>
<status status="PASS" starttime="20220424 09:42:03.125" endtime="20220424 09:42:03.125"/>
</kw>
<status status="PASS" starttime="20220424 09:42:03.125" endtime="20220424 09:42:03.125"/>
</branch>
<status status="PASS" starttime="20220424 09:42:03.125" endtime="20220424 09:42:03.125"/>
</if>
<status status="PASS" starttime="20220424 09:42:03.125" endtime="20220424 09:42:03.125"/>
</iter>
<iter>
<var name="${numero}">2</var>
<if>
<branch type="IF" condition="${numero} in (5, 10)">
<kw name="Log To Console" library="BuiltIn">
<arg>Eu sou o número ${numero}!</arg>
<doc>Logs the given message to the console.</doc>
<status status="NOT RUN" starttime="20220424 09:42:03.125" endtime="20220424 09:42:03.125"/>
</kw>
<status status="NOT RUN" starttime="20220424 09:42:03.125" endtime="20220424 09:42:03.125"/>
</branch>
<branch type="ELSE">
<kw name="Log To Console" library="BuiltIn">
<arg>Eu não sou o número 5 e nem o 10!</arg>
<doc>Logs the given message to the console.</doc>
<status status="PASS" starttime="20220424 09:42:03.125" endtime="20220424 09:42:03.125"/>
</kw>
<status status="PASS" starttime="20220424 09:42:03.125" endtime="20220424 09:42:03.125"/>
</branch>
<status status="PASS" starttime="20220424 09:42:03.125" endtime="20220424 09:42:03.125"/>
</if>
<status status="PASS" starttime="20220424 09:42:03.125" endtime="20220424 09:42:03.125"/>
</iter>
<iter>
<var name="${numero}">3</var>
<if>
<branch type="IF" condition="${numero} in (5, 10)">
<kw name="Log To Console" library="BuiltIn">
<arg>Eu sou o número ${numero}!</arg>
<doc>Logs the given message to the console.</doc>
<status status="NOT RUN" starttime="20220424 09:42:03.125" endtime="20220424 09:42:03.125"/>
</kw>
<status status="NOT RUN" starttime="20220424 09:42:03.125" endtime="20220424 09:42:03.125"/>
</branch>
<branch type="ELSE">
<kw name="Log To Console" library="BuiltIn">
<arg>Eu não sou o número 5 e nem o 10!</arg>
<doc>Logs the given message to the console.</doc>
<status status="PASS" starttime="20220424 09:42:03.125" endtime="20220424 09:42:03.125"/>
</kw>
<status status="PASS" starttime="20220424 09:42:03.125" endtime="20220424 09:42:03.125"/>
</branch>
<status status="PASS" starttime="20220424 09:42:03.125" endtime="20220424 09:42:03.125"/>
</if>
<status status="PASS" starttime="20220424 09:42:03.125" endtime="20220424 09:42:03.125"/>
</iter>
<iter>
<var name="${numero}">4</var>
<if>
<branch type="IF" condition="${numero} in (5, 10)">
<kw name="Log To Console" library="BuiltIn">
<arg>Eu sou o número ${numero}!</arg>
<doc>Logs the given message to the console.</doc>
<status status="NOT RUN" starttime="20220424 09:42:03.133" endtime="20220424 09:42:03.133"/>
</kw>
<status status="NOT RUN" starttime="20220424 09:42:03.133" endtime="20220424 09:42:03.133"/>
</branch>
<branch type="ELSE">
<kw name="Log To Console" library="BuiltIn">
<arg>Eu não sou o número 5 e nem o 10!</arg>
<doc>Logs the given message to the console.</doc>
<status status="PASS" starttime="20220424 09:42:03.133" endtime="20220424 09:42:03.133"/>
</kw>
<status status="PASS" starttime="20220424 09:42:03.133" endtime="20220424 09:42:03.133"/>
</branch>
<status status="PASS" starttime="20220424 09:42:03.133" endtime="20220424 09:42:03.133"/>
</if>
<status status="PASS" starttime="20220424 09:42:03.125" endtime="20220424 09:42:03.133"/>
</iter>
<iter>
<var name="${numero}">5</var>
<if>
<branch type="IF" condition="${numero} in (5, 10)">
<kw name="Log To Console" library="BuiltIn">
<arg>Eu sou o número ${numero}!</arg>
<doc>Logs the given message to the console.</doc>
<status status="PASS" starttime="20220424 09:42:03.133" endtime="20220424 09:42:03.133"/>
</kw>
<status status="PASS" starttime="20220424 09:42:03.133" endtime="20220424 09:42:03.133"/>
</branch>
<branch type="ELSE">
<kw name="Log To Console" library="BuiltIn">
<arg>Eu não sou o número 5 e nem o 10!</arg>
<doc>Logs the given message to the console.</doc>
<status status="NOT RUN" starttime="20220424 09:42:03.133" endtime="20220424 09:42:03.133"/>
</kw>
<status status="NOT RUN" starttime="20220424 09:42:03.133" endtime="20220424 09:42:03.133"/>
</branch>
<status status="PASS" starttime="20220424 09:42:03.133" endtime="20220424 09:42:03.133"/>
</if>
<status status="PASS" starttime="20220424 09:42:03.133" endtime="20220424 09:42:03.133"/>
</iter>
<iter>
<var name="${numero}">6</var>
<if>
<branch type="IF" condition="${numero} in (5, 10)">
<kw name="Log To Console" library="BuiltIn">
<arg>Eu sou o número ${numero}!</arg>
<doc>Logs the given message to the console.</doc>
<status status="NOT RUN" starttime="20220424 09:42:03.133" endtime="20220424 09:42:03.133"/>
</kw>
<status status="NOT RUN" starttime="20220424 09:42:03.133" endtime="20220424 09:42:03.133"/>
</branch>
<branch type="ELSE">
<kw name="Log To Console" library="BuiltIn">
<arg>Eu não sou o número 5 e nem o 10!</arg>
<doc>Logs the given message to the console.</doc>
<status status="PASS" starttime="20220424 09:42:03.133" endtime="20220424 09:42:03.133"/>
</kw>
<status status="PASS" starttime="20220424 09:42:03.133" endtime="20220424 09:42:03.133"/>
</branch>
<status status="PASS" starttime="20220424 09:42:03.133" endtime="20220424 09:42:03.133"/>
</if>
<status status="PASS" starttime="20220424 09:42:03.133" endtime="20220424 09:42:03.133"/>
</iter>
<iter>
<var name="${numero}">7</var>
<if>
<branch type="IF" condition="${numero} in (5, 10)">
<kw name="Log To Console" library="BuiltIn">
<arg>Eu sou o número ${numero}!</arg>
<doc>Logs the given message to the console.</doc>
<status status="NOT RUN" starttime="20220424 09:42:03.133" endtime="20220424 09:42:03.133"/>
</kw>
<status status="NOT RUN" starttime="20220424 09:42:03.133" endtime="20220424 09:42:03.133"/>
</branch>
<branch type="ELSE">
<kw name="Log To Console" library="BuiltIn">
<arg>Eu não sou o número 5 e nem o 10!</arg>
<doc>Logs the given message to the console.</doc>
<status status="PASS" starttime="20220424 09:42:03.141" endtime="20220424 09:42:03.141"/>
</kw>
<status status="PASS" starttime="20220424 09:42:03.133" endtime="20220424 09:42:03.141"/>
</branch>
<status status="PASS" starttime="20220424 09:42:03.133" endtime="20220424 09:42:03.141"/>
</if>
<status status="PASS" starttime="20220424 09:42:03.133" endtime="20220424 09:42:03.141"/>
</iter>
<iter>
<var name="${numero}">8</var>
<if>
<branch type="IF" condition="${numero} in (5, 10)">
<kw name="Log To Console" library="BuiltIn">
<arg>Eu sou o número ${numero}!</arg>
<doc>Logs the given message to the console.</doc>
<status status="NOT RUN" starttime="20220424 09:42:03.141" endtime="20220424 09:42:03.141"/>
</kw>
<status status="NOT RUN" starttime="20220424 09:42:03.141" endtime="20220424 09:42:03.141"/>
</branch>
<branch type="ELSE">
<kw name="Log To Console" library="BuiltIn">
<arg>Eu não sou o número 5 e nem o 10!</arg>
<doc>Logs the given message to the console.</doc>
<status status="PASS" starttime="20220424 09:42:03.141" endtime="20220424 09:42:03.141"/>
</kw>
<status status="PASS" starttime="20220424 09:42:03.141" endtime="20220424 09:42:03.141"/>
</branch>
<status status="PASS" starttime="20220424 09:42:03.141" endtime="20220424 09:42:03.141"/>
</if>
<status status="PASS" starttime="20220424 09:42:03.141" endtime="20220424 09:42:03.141"/>
</iter>
<iter>
<var name="${numero}">9</var>
<if>
<branch type="IF" condition="${numero} in (5, 10)">
<kw name="Log To Console" library="BuiltIn">
<arg>Eu sou o número ${numero}!</arg>
<doc>Logs the given message to the console.</doc>
<status status="NOT RUN" starttime="20220424 09:42:03.141" endtime="20220424 09:42:03.141"/>
</kw>
<status status="NOT RUN" starttime="20220424 09:42:03.141" endtime="20220424 09:42:03.141"/>
</branch>
<branch type="ELSE">
<kw name="Log To Console" library="BuiltIn">
<arg>Eu não sou o número 5 e nem o 10!</arg>
<doc>Logs the given message to the console.</doc>
<status status="PASS" starttime="20220424 09:42:03.141" endtime="20220424 09:42:03.141"/>
</kw>
<status status="PASS" starttime="20220424 09:42:03.141" endtime="20220424 09:42:03.141"/>
</branch>
<status status="PASS" starttime="20220424 09:42:03.141" endtime="20220424 09:42:03.141"/>
</if>
<status status="PASS" starttime="20220424 09:42:03.141" endtime="20220424 09:42:03.141"/>
</iter>
<iter>
<var name="${numero}">10</var>
<if>
<branch type="IF" condition="${numero} in (5, 10)">
<kw name="Log To Console" library="BuiltIn">
<arg>Eu sou o número ${numero}!</arg>
<doc>Logs the given message to the console.</doc>
<status status="PASS" starttime="20220424 09:42:03.141" endtime="20220424 09:42:03.141"/>
</kw>
<status status="PASS" starttime="20220424 09:42:03.141" endtime="20220424 09:42:03.141"/>
</branch>
<branch type="ELSE">
<kw name="Log To Console" library="BuiltIn">
<arg>Eu não sou o número 5 e nem o 10!</arg>
<doc>Logs the given message to the console.</doc>
<status status="NOT RUN" starttime="20220424 09:42:03.141" endtime="20220424 09:42:03.141"/>
</kw>
<status status="NOT RUN" starttime="20220424 09:42:03.141" endtime="20220424 09:42:03.141"/>
</branch>
<status status="PASS" starttime="20220424 09:42:03.141" endtime="20220424 09:42:03.141"/>
</if>
<status status="PASS" starttime="20220424 09:42:03.141" endtime="20220424 09:42:03.141"/>
</iter>
<status status="PASS" starttime="20220424 09:42:03.125" endtime="20220424 09:42:03.141"/>
</for>
<status status="PASS" starttime="20220424 09:42:03.125" endtime="20220424 09:42:03.141"/>
</kw>
<status status="PASS" starttime="20220424 09:42:03.120" endtime="20220424 09:42:03.149"/>
</test>
<status status="PASS" starttime="20220424 09:42:03.120" endtime="20220424 09:42:03.149"/>
</suite>
<status status="PASS" starttime="20220424 09:42:03.102" endtime="20220424 09:42:03.149"/>
</suite>
<statistics>
<total>
<stat pass="1" fail="0" skip="0">All Tests</stat>
</total>
<tag>
</tag>
<suite>
<stat pass="1" fail="0" skip="0" id="s1" name="Variables">Variables</stat>
<stat pass="1" fail="0" skip="0" id="s1-s1" name="Variaveis">Variables.Variaveis</stat>
</suite>
</statistics>
<errors>
</errors>
</robot>
