<?xml version="1.0" encoding="UTF-8"?>
<robot generator="Robot 5.0 (Python 3.10.3 on win32)" generated="20220328 16:53:37.338" rpa="false" schemaversion="3">
<suite id="s1" name="Variaveis" source="c:\Users\pedro.dias\Desktop\Cursos\RobotFramework\Variables\variaveis.robot">
<test id="s1-t1" name="Imprimir numeros certos" line="13">
<kw name="Teste Numeros">
<kw name="Log To Console" library="BuiltIn">
<arg>${\n}</arg>
<doc>Logs the given message to the console.</doc>
<status status="PASS" starttime="20220328 16:53:37.362" endtime="20220328 16:53:37.362"/>
</kw>
<for flavor="IN">
<var>${numero}</var>
<value>@{NUMEROS}</value>
<iter>
<var name="${numero}">1</var>
<if>
<branch type="IF" condition="${numero} in (5, 10)">
<kw name="Log To Console" library="BuiltIn">
<arg>Eu sou o número ${numero}!</arg>
<doc>Logs the given message to the console.</doc>
<status status="NOT RUN" starttime="20220328 16:53:37.363" endtime="20220328 16:53:37.364"/>
</kw>
<status status="NOT RUN" starttime="20220328 16:53:37.363" endtime="20220328 16:53:37.364"/>
</branch>
<branch type="ELSE">
<kw name="Log To Console" library="BuiltIn">
<arg>Eu não sou o número 5 e nem o 10!</arg>
<doc>Logs the given message to the console.</doc>
<status status="PASS" starttime="20220328 16:53:37.364" endtime="20220328 16:53:37.364"/>
</kw>
<status status="PASS" starttime="20220328 16:53:37.364" endtime="20220328 16:53:37.364"/>
</branch>
<status status="PASS" starttime="20220328 16:53:37.363" endtime="20220328 16:53:37.364"/>
</if>
<status status="PASS" starttime="20220328 16:53:37.363" endtime="20220328 16:53:37.364"/>
</iter>
<iter>
<var name="${numero}">2</var>
<if>
<branch type="IF" condition="${numero} in (5, 10)">
<kw name="Log To Console" library="BuiltIn">
<arg>Eu sou o número ${numero}!</arg>
<doc>Logs the given message to the console.</doc>
<status status="NOT RUN" starttime="20220328 16:53:37.365" endtime="20220328 16:53:37.365"/>
</kw>
<status status="NOT RUN" starttime="20220328 16:53:37.365" endtime="20220328 16:53:37.365"/>
</branch>
<branch type="ELSE">
<kw name="Log To Console" library="BuiltIn">
<arg>Eu não sou o número 5 e nem o 10!</arg>
<doc>Logs the given message to the console.</doc>
<status status="PASS" starttime="20220328 16:53:37.365" endtime="20220328 16:53:37.365"/>
</kw>
<status status="PASS" starttime="20220328 16:53:37.365" endtime="20220328 16:53:37.365"/>
</branch>
<status status="PASS" starttime="20220328 16:53:37.365" endtime="20220328 16:53:37.365"/>
</if>
<status status="PASS" starttime="20220328 16:53:37.364" endtime="20220328 16:53:37.365"/>
</iter>
<iter>
<var name="${numero}">3</var>
<if>
<branch type="IF" condition="${numero} in (5, 10)">
<kw name="Log To Console" library="BuiltIn">
<arg>Eu sou o número ${numero}!</arg>
<doc>Logs the given message to the console.</doc>
<status status="NOT RUN" starttime="20220328 16:53:37.366" endtime="20220328 16:53:37.366"/>
</kw>
<status status="NOT RUN" starttime="20220328 16:53:37.366" endtime="20220328 16:53:37.366"/>
</branch>
<branch type="ELSE">
<kw name="Log To Console" library="BuiltIn">
<arg>Eu não sou o número 5 e nem o 10!</arg>
<doc>Logs the given message to the console.</doc>
<status status="PASS" starttime="20220328 16:53:37.368" endtime="20220328 16:53:37.369"/>
</kw>
<status status="PASS" starttime="20220328 16:53:37.366" endtime="20220328 16:53:37.369"/>
</branch>
<status status="PASS" starttime="20220328 16:53:37.365" endtime="20220328 16:53:37.369"/>
</if>
<status status="PASS" starttime="20220328 16:53:37.365" endtime="20220328 16:53:37.370"/>
</iter>
<iter>
<var name="${numero}">4</var>
<if>
<branch type="IF" condition="${numero} in (5, 10)">
<kw name="Log To Console" library="BuiltIn">
<arg>Eu sou o número ${numero}!</arg>
<doc>Logs the given message to the console.</doc>
<status status="NOT RUN" starttime="20220328 16:53:37.370" endtime="20220328 16:53:37.370"/>
</kw>
<status status="NOT RUN" starttime="20220328 16:53:37.370" endtime="20220328 16:53:37.370"/>
</branch>
<branch type="ELSE">
<kw name="Log To Console" library="BuiltIn">
<arg>Eu não sou o número 5 e nem o 10!</arg>
<doc>Logs the given message to the console.</doc>
<status status="PASS" starttime="20220328 16:53:37.370" endtime="20220328 16:53:37.371"/>
</kw>
<status status="PASS" starttime="20220328 16:53:37.370" endtime="20220328 16:53:37.371"/>
</branch>
<status status="PASS" starttime="20220328 16:53:37.370" endtime="20220328 16:53:37.371"/>
</if>
<status status="PASS" starttime="20220328 16:53:37.370" endtime="20220328 16:53:37.371"/>
</iter>
<iter>
<var name="${numero}">5</var>
<if>
<branch type="IF" condition="${numero} in (5, 10)">
<kw name="Log To Console" library="BuiltIn">
<arg>Eu sou o número ${numero}!</arg>
<doc>Logs the given message to the console.</doc>
<status status="PASS" starttime="20220328 16:53:37.371" endtime="20220328 16:53:37.372"/>
</kw>
<status status="PASS" starttime="20220328 16:53:37.371" endtime="20220328 16:53:37.372"/>
</branch>
<branch type="ELSE">
<kw name="Log To Console" library="BuiltIn">
<arg>Eu não sou o número 5 e nem o 10!</arg>
<doc>Logs the given message to the console.</doc>
<status status="NOT RUN" starttime="20220328 16:53:37.372" endtime="20220328 16:53:37.372"/>
</kw>
<status status="NOT RUN" starttime="20220328 16:53:37.372" endtime="20220328 16:53:37.372"/>
</branch>
<status status="PASS" starttime="20220328 16:53:37.371" endtime="20220328 16:53:37.372"/>
</if>
<status status="PASS" starttime="20220328 16:53:37.371" endtime="20220328 16:53:37.372"/>
</iter>
<iter>
<var name="${numero}">6</var>
<if>
<branch type="IF" condition="${numero} in (5, 10)">
<kw name="Log To Console" library="BuiltIn">
<arg>Eu sou o número ${numero}!</arg>
<doc>Logs the given message to the console.</doc>
<status status="NOT RUN" starttime="20220328 16:53:37.372" endtime="20220328 16:53:37.372"/>
</kw>
<status status="NOT RUN" starttime="20220328 16:53:37.372" endtime="20220328 16:53:37.373"/>
</branch>
<branch type="ELSE">
<kw name="Log To Console" library="BuiltIn">
<arg>Eu não sou o número 5 e nem o 10!</arg>
<doc>Logs the given message to the console.</doc>
<status status="PASS" starttime="20220328 16:53:37.373" endtime="20220328 16:53:37.373"/>
</kw>
<status status="PASS" starttime="20220328 16:53:37.373" endtime="20220328 16:53:37.373"/>
</branch>
<status status="PASS" starttime="20220328 16:53:37.372" endtime="20220328 16:53:37.373"/>
</if>
<status status="PASS" starttime="20220328 16:53:37.372" endtime="20220328 16:53:37.373"/>
</iter>
<iter>
<var name="${numero}">7</var>
<if>
<branch type="IF" condition="${numero} in (5, 10)">
<kw name="Log To Console" library="BuiltIn">
<arg>Eu sou o número ${numero}!</arg>
<doc>Logs the given message to the console.</doc>
<status status="NOT RUN" starttime="20220328 16:53:37.373" endtime="20220328 16:53:37.373"/>
</kw>
<status status="NOT RUN" starttime="20220328 16:53:37.373" endtime="20220328 16:53:37.374"/>
</branch>
<branch type="ELSE">
<kw name="Log To Console" library="BuiltIn">
<arg>Eu não sou o número 5 e nem o 10!</arg>
<doc>Logs the given message to the console.</doc>
<status status="PASS" starttime="20220328 16:53:37.374" endtime="20220328 16:53:37.374"/>
</kw>
<status status="PASS" starttime="20220328 16:53:37.374" endtime="20220328 16:53:37.374"/>
</branch>
<status status="PASS" starttime="20220328 16:53:37.373" endtime="20220328 16:53:37.374"/>
</if>
<status status="PASS" starttime="20220328 16:53:37.373" endtime="20220328 16:53:37.374"/>
</iter>
<iter>
<var name="${numero}">8</var>
<if>
<branch type="IF" condition="${numero} in (5, 10)">
<kw name="Log To Console" library="BuiltIn">
<arg>Eu sou o número ${numero}!</arg>
<doc>Logs the given message to the console.</doc>
<status status="NOT RUN" starttime="20220328 16:53:37.374" endtime="20220328 16:53:37.374"/>
</kw>
<status status="NOT RUN" starttime="20220328 16:53:37.374" endtime="20220328 16:53:37.374"/>
</branch>
<branch type="ELSE">
<kw name="Log To Console" library="BuiltIn">
<arg>Eu não sou o número 5 e nem o 10!</arg>
<doc>Logs the given message to the console.</doc>
<status status="PASS" starttime="20220328 16:53:37.375" endtime="20220328 16:53:37.375"/>
</kw>
<status status="PASS" starttime="20220328 16:53:37.375" endtime="20220328 16:53:37.375"/>
</branch>
<status status="PASS" starttime="20220328 16:53:37.374" endtime="20220328 16:53:37.375"/>
</if>
<status status="PASS" starttime="20220328 16:53:37.374" endtime="20220328 16:53:37.375"/>
</iter>
<iter>
<var name="${numero}">9</var>
<if>
<branch type="IF" condition="${numero} in (5, 10)">
<kw name="Log To Console" library="BuiltIn">
<arg>Eu sou o número ${numero}!</arg>
<doc>Logs the given message to the console.</doc>
<status status="NOT RUN" starttime="20220328 16:53:37.375" endtime="20220328 16:53:37.375"/>
</kw>
<status status="NOT RUN" starttime="20220328 16:53:37.375" endtime="20220328 16:53:37.375"/>
</branch>
<branch type="ELSE">
<kw name="Log To Console" library="BuiltIn">
<arg>Eu não sou o número 5 e nem o 10!</arg>
<doc>Logs the given message to the console.</doc>
<status status="PASS" starttime="20220328 16:53:37.375" endtime="20220328 16:53:37.375"/>
</kw>
<status status="PASS" starttime="20220328 16:53:37.375" endtime="20220328 16:53:37.375"/>
</branch>
<status status="PASS" starttime="20220328 16:53:37.375" endtime="20220328 16:53:37.375"/>
</if>
<status status="PASS" starttime="20220328 16:53:37.375" endtime="20220328 16:53:37.375"/>
</iter>
<iter>
<var name="${numero}">10</var>
<if>
<branch type="IF" condition="${numero} in (5, 10)">
<kw name="Log To Console" library="BuiltIn">
<arg>Eu sou o número ${numero}!</arg>
<doc>Logs the given message to the console.</doc>
<status status="PASS" starttime="20220328 16:53:37.376" endtime="20220328 16:53:37.376"/>
</kw>
<status status="PASS" starttime="20220328 16:53:37.376" endtime="20220328 16:53:37.376"/>
</branch>
<branch type="ELSE">
<kw name="Log To Console" library="BuiltIn">
<arg>Eu não sou o número 5 e nem o 10!</arg>
<doc>Logs the given message to the console.</doc>
<status status="NOT RUN" starttime="20220328 16:53:37.376" endtime="20220328 16:53:37.376"/>
</kw>
<status status="NOT RUN" starttime="20220328 16:53:37.376" endtime="20220328 16:53:37.376"/>
</branch>
<status status="PASS" starttime="20220328 16:53:37.376" endtime="20220328 16:53:37.377"/>
</if>
<status status="PASS" starttime="20220328 16:53:37.376" endtime="20220328 16:53:37.377"/>
</iter>
<status status="PASS" starttime="20220328 16:53:37.363" endtime="20220328 16:53:37.377"/>
</for>
<status status="PASS" starttime="20220328 16:53:37.361" endtime="20220328 16:53:37.377"/>
</kw>
<status status="PASS" starttime="20220328 16:53:37.361" endtime="20220328 16:53:37.377"/>
</test>
<status status="PASS" starttime="20220328 16:53:37.342" endtime="20220328 16:53:37.379"/>
</suite>
<statistics>
<total>
<stat pass="1" fail="0" skip="0">All Tests</stat>
</total>
<tag>
</tag>
<suite>
<stat pass="1" fail="0" skip="0" id="s1" name="Variaveis">Variaveis</stat>
</suite>
</statistics>
<errors>
</errors>
</robot>
